13:28:15.635 [AsyncHttpClient-1-2] DEBUG io.netty.util.Recycler - -Dio.netty.recycler.chunkSize: 32
13:28:15.639 [AsyncHttpClient-1-2] DEBUG io.netty.util.Recycler - -Dio.netty.recycler.blocking: false
13:28:16.419 [AsyncHttpClient-1-2] DEBUG io.netty.handler.codec.compression.Brotli - brotli4j not in the classpath; Brotli support will be unavailable.
13:28:16.566 [main] DEBUG io.netty.util.internal.ThreadLocalRandom - -Dio.netty.initialSeedUniquifier: 0x642e6564b50ff288
13:39:40.340 [main] DEBUG test.LoginTest - Browser got launched
13:39:42.287 [main] DEBUG test.LoginTest - Navigated to application URL
13:39:42.410 [main] DEBUG test.LoginTest - Clicked on My Account dropdown
13:39:42.661 [main] DEBUG test.LoginTest - Clicked on login option
13:39:45.791 [main] DEBUG test.LoginTest - Email addressed got entered
13:39:45.835 [main] DEBUG test.LoginTest - Password got entered
13:39:45.886 [main] DEBUG test.LoginTest - Clicked on Login Button
13:39:48.948 [main] DEBUG test.LoginTest - User got logged in
13:39:49.054 [main] DEBUG test.LoginTest - Browser got closed
13:53:13.204 [main] DEBUG test.LoginTest - Browser got launched
13:53:14.355 [main] DEBUG test.LoginTest - Navigated to application URL
13:53:14.457 [main] DEBUG test.LoginTest - Clicked on My Account dropdown
13:53:14.702 [main] DEBUG test.LoginTest - Clicked on login option
13:53:17.831 [main] DEBUG test.LoginTest - Email addressed got entered
13:53:17.896 [main] DEBUG test.LoginTest - Password got entered
13:53:18.735 [main] DEBUG test.LoginTest - Clicked on Login Button
13:53:21.810 [main] DEBUG test.LoginTest - User got logged in
13:53:21.915 [main] DEBUG test.LoginTest - Browser got closed
13:56:50.055 [main] DEBUG test.LoginTest - Browser got launched
13:56:51.062 [main] DEBUG test.LoginTest - Navigated to application URL
13:56:51.163 [main] DEBUG test.LoginTest - Clicked on My Account dropdown
13:56:51.430 [main] DEBUG test.LoginTest - Clicked on login option
13:56:54.562 [main] DEBUG test.LoginTest - Email addressed got entered
13:56:54.608 [main] DEBUG test.LoginTest - Password got entered
13:56:54.680 [main] DEBUG test.LoginTest - Clicked on Login Button
13:56:57.742 [main] DEBUG test.LoginTest - User got logged in
13:56:57.866 [main] DEBUG test.LoginTest - Browser got closed
14:05:25.785 [main] DEBUG test.LoginTest - Browser got launched
14:05:26.814 [main] DEBUG test.LoginTest - Navigated to application URL
14:05:26.952 [main] DEBUG test.LoginTest - Clicked on My Account dropdown
14:05:27.246 [main] DEBUG test.LoginTest - Clicked on login option
14:05:30.382 [main] DEBUG test.LoginTest - Email addressed got entered
14:05:30.441 [main] DEBUG test.LoginTest - Password got entered
14:05:30.494 [main] DEBUG test.LoginTest - Clicked on Login Button
14:05:33.569 [main] DEBUG test.LoginTest - User got logged in
14:05:33.707 [main] DEBUG test.LoginTest - Browser got closed
14:07:28.211 [main] DEBUG test.LoginTest - Browser got launched
14:07:29.293 [main] DEBUG test.LoginTest - Navigated to application URL
14:07:29.409 [main] DEBUG test.LoginTest - Clicked on My Account dropdown
14:07:29.698 [main] DEBUG test.LoginTest - Clicked on login option
14:07:32.823 [main] DEBUG test.LoginTest - Email addressed got entered
14:07:32.869 [main] DEBUG test.LoginTest - Password got entered
14:07:32.928 [main] DEBUG test.LoginTest - Clicked on Login Button
14:07:36.003 [main] DEBUG test.LoginTest - User got logged in
14:07:36.145 [main] DEBUG test.LoginTest - Browser got closed
14:09:58.769 [main] DEBUG test.LoginTest - Browser got launched
14:09:59.819 [main] DEBUG test.LoginTest - Navigated to application URL
14:09:59.921 [main] DEBUG test.LoginTest - Clicked on My Account dropdown
14:10:00.215 [main] DEBUG test.LoginTest - Clicked on login option
14:10:03.352 [main] DEBUG test.LoginTest - Email addressed got entered
14:10:03.397 [main] DEBUG test.LoginTest - Password got entered
14:10:03.451 [main] DEBUG test.LoginTest - Clicked on Login Button
14:10:07.762 [main] DEBUG test.LoginTest - User got logged in
14:10:07.894 [main] DEBUG test.LoginTest - Browser got closed
